SF:lib\systems\battlepass\battlepass_config.dart
DA:27,2
DA:36,2
DA:37,1
DA:38,1
DA:39,2
DA:40,1
DA:41,1
DA:44,2
DA:45,1
DA:46,1
DA:47,2
DA:48,1
DA:49,1
DA:60,2
DA:68,0
DA:83,1
DA:96,1
DA:97,1
DA:98,4
DA:102,1
DA:103,3
DA:104,2
DA:108,1
DA:109,4
DA:113,1
DA:115,5
DA:122,0
DA:124,0
DA:125,0
DA:126,0
DA:149,2
DA:162,1
DA:170,1
DA:173,1
DA:174,2
DA:175,2
DA:178,1
DA:190,1
DA:193,1
DA:194,2
DA:195,1
DA:196,2
DA:200,1
DA:201,2
DA:202,2
DA:203,1
DA:206,1
DA:211,1
DA:214,2
DA:215,2
DA:216,1
DA:225,1
DA:226,1
DA:236,1
DA:237,1
DA:246,1
DA:255,2
DA:286,2
LF:58
LH:53
end_of_record
SF:lib\systems\battlepass\battlepass_manager.dart
DA:16,1
DA:22,2
DA:23,1
DA:24,1
DA:25,1
DA:28,2
DA:29,1
DA:30,1
DA:31,1
DA:46,1
DA:57,1
DA:59,2
DA:60,1
DA:61,1
DA:62,1
DA:63,1
DA:64,2
DA:65,2
DA:66,5
DA:67,2
DA:70,2
DA:71,1
DA:72,1
DA:73,1
DA:74,1
DA:75,1
DA:76,2
DA:77,1
DA:78,2
DA:79,1
DA:80,4
DA:81,1
DA:82,2
DA:101,2
DA:104,2
DA:107,3
DA:110,3
DA:113,3
DA:116,0
DA:119,0
DA:122,1
DA:123,1
DA:126,1
DA:127,3
DA:130,1
DA:134,1
DA:139,1
DA:140,1
DA:141,0
DA:144,5
DA:145,3
DA:146,1
DA:147,3
DA:151,1
DA:155,1
DA:156,2
DA:157,5
DA:159,3
DA:162,5
DA:163,4
DA:164,1
DA:166,3
DA:167,3
DA:168,3
DA:169,1
DA:176,5
DA:177,2
DA:180,1
DA:184,1
DA:185,2
DA:186,5
DA:188,4
DA:189,1
DA:190,3
DA:194,1
DA:195,2
DA:196,5
DA:198,4
DA:199,1
DA:200,3
DA:204,1
DA:205,2
DA:206,3
DA:209,0
DA:210,0
DA:212,0
DA:217,0
DA:218,0
DA:219,0
DA:222,0
DA:223,0
DA:227,0
DA:228,0
DA:230,0
DA:231,0
DA:234,0
DA:235,0
DA:241,0
DA:242,0
DA:244,0
DA:245,0
DA:246,0
DA:248,0
DA:249,0
DA:257,0
DA:258,0
DA:261,0
DA:262,0
DA:263,0
DA:269,1
DA:270,1
DA:272,2
DA:273,3
DA:274,1
DA:278,0
DA:279,0
DA:281,0
DA:282,0
DA:284,0
DA:285,0
DA:286,0
DA:287,0
DA:290,0
DA:292,0
DA:295,0
DA:296,0
DA:300,0
DA:304,1
DA:305,1
DA:307,4
DA:308,4
DA:310,2
DA:311,3
DA:312,1
DA:313,0
DA:316,1
DA:318,2
DA:320,3
DA:321,1
DA:325,1
DA:329,1
DA:330,1
DA:332,4
DA:333,4
DA:335,3
DA:337,1
DA:338,3
DA:340,1
DA:341,2
DA:343,1
DA:348,1
DA:349,4
DA:350,4
DA:352,3
DA:355,3
DA:359,1
DA:360,4
DA:361,4
DA:363,3
DA:366,4
DA:370,1
DA:371,2
DA:372,6
DA:374,1
DA:378,0
DA:379,0
DA:380,0
DA:382,0
DA:386,2
DA:387,2
DA:391,1
DA:392,1
DA:393,3
DA:395,1
DA:399,1
DA:400,1
DA:401,1
DA:402,1
LF:178
LH:131
end_of_record
SF:lib\core\engine\event_bus.dart
DA:9,12
DA:11,4
DA:12,8
DA:15,4
DA:16,4
DA:17,2
DA:19,20
DA:22,2
DA:23,4
LF:9
LH:9
end_of_record
SF:lib\core\systems\currency.dart
DA:13,1
DA:19,1
DA:24,1
DA:25,1
DA:26,1
DA:27,1
LF:6
LH:6
end_of_record
SF:lib\core\systems\economy_system.dart
DA:11,2
DA:26,2
DA:28,2
DA:29,2
DA:30,2
DA:31,2
DA:32,2
DA:34,2
DA:37,2
DA:38,2
DA:39,4
DA:42,2
DA:43,3
DA:44,2
DA:47,2
DA:48,3
DA:49,2
DA:50,2
DA:52,4
DA:56,2
DA:57,2
DA:58,4
DA:59,2
DA:60,4
DA:62,6
LF:25
LH:25
end_of_record
SF:lib\core\cloud\cloud_save_manager.dart
DA:54,2
DA:64,2
DA:65,1
DA:66,1
DA:67,1
DA:68,1
DA:69,2
DA:70,1
DA:71,1
DA:74,1
DA:75,1
DA:76,1
DA:77,1
DA:78,1
DA:79,2
DA:80,2
DA:81,1
DA:82,1
DA:86,1
DA:92,1
DA:93,1
DA:94,1
DA:95,1
DA:96,1
DA:97,1
DA:98,1
DA:99,1
DA:109,1
DA:121,6
DA:122,4
DA:124,2
DA:139,4
DA:142,2
DA:145,2
DA:148,2
DA:151,2
DA:154,1
DA:161,1
DA:163,1
DA:164,1
DA:165,1
DA:166,1
DA:169,1
DA:173,0
DA:176,1
DA:177,1
DA:179,3
DA:183,2
DA:184,4
DA:188,1
DA:189,2
DA:192,1
DA:193,2
DA:194,1
DA:195,1
DA:196,2
DA:197,1
DA:203,1
DA:207,1
DA:208,0
DA:211,1
DA:212,3
DA:214,2
DA:215,3
DA:216,1
DA:217,1
DA:221,1
DA:224,1
DA:227,1
DA:229,1
DA:234,2
DA:235,3
DA:239,2
DA:240,4
DA:244,1
DA:245,3
DA:246,1
DA:247,1
DA:251,1
DA:252,1
DA:254,1
DA:258,2
DA:260,2
DA:262,2
DA:263,1
DA:267,0
DA:269,0
DA:270,0
DA:271,0
DA:275,0
DA:277,0
DA:278,0
DA:279,0
DA:281,0
DA:282,0
DA:284,0
DA:285,0
DA:290,0
DA:293,0
DA:294,0
DA:299,0
DA:301,0
DA:302,0
DA:303,0
DA:310,0
DA:311,0
DA:313,0
DA:317,0
DA:318,0
DA:319,0
DA:320,0
DA:323,0
DA:326,0
DA:327,0
DA:328,0
DA:331,0
DA:333,0
DA:334,0
DA:335,0
DA:336,0
DA:337,0
DA:338,0
DA:339,0
DA:340,0
DA:341,0
DA:342,0
DA:343,0
DA:345,0
DA:346,0
DA:347,0
DA:351,0
DA:353,0
DA:356,0
DA:359,0
DA:360,0
DA:364,0
DA:365,0
DA:367,0
DA:368,0
DA:369,0
DA:371,0
DA:372,0
DA:373,0
DA:375,0
DA:379,0
DA:381,0
DA:382,0
DA:387,0
DA:388,0
DA:393,0
DA:394,0
DA:398,0
DA:399,0
DA:401,0
DA:405,0
DA:409,0
DA:410,0
DA:413,0
DA:414,0
DA:416,0
DA:417,0
DA:418,0
DA:419,0
DA:423,0
DA:426,0
DA:432,0
DA:433,0
DA:436,0
DA:437,0
DA:438,0
DA:441,0
DA:450,1
DA:451,5
DA:454,1
DA:455,1
DA:458,3
DA:459,4
DA:460,1
DA:462,1
DA:465,1
DA:474,1
DA:475,1
DA:482,1
DA:495,1
DA:504,0
DA:506,0
DA:507,0
DA:508,0
LF:188
LH:96
end_of_record
SF:lib\core\engine\game_manager.dart
DA:15,1
DA:24,2
DA:27,0
DA:29,1
DA:31,1
DA:32,1
DA:33,1
DA:36,1
DA:37,2
DA:38,1
DA:39,1
DA:43,1
DA:44,2
DA:45,1
DA:49,1
DA:50,1
DA:51,1
DA:54,1
DA:55,2
DA:56,1
DA:57,1
DA:58,3
DA:61,1
DA:62,2
DA:63,3
DA:67,2
DA:70,1
DA:71,2
DA:73,0
DA:74,0
DA:75,0
LF:31
LH:27
end_of_record
SF:lib\core\systems\save_system.dart
DA:13,3
DA:15,6
DA:18,3
DA:20,3
DA:21,6
DA:24,3
DA:26,6
DA:29,3
DA:31,0
LF:9
LH:8
end_of_record
SF:lib\core\engine\asset_manager.dart
DA:8,1
DA:11,0
DA:12,0
DA:14,1
DA:15,2
DA:18,1
DA:19,2
LF:7
LH:5
end_of_record
SF:lib\core\notifications\notification_manager.dart
DA:54,1
DA:66,2
DA:67,1
DA:68,2
DA:69,1
DA:70,1
DA:71,2
DA:72,2
DA:73,1
DA:74,1
DA:75,1
DA:78,1
DA:79,1
DA:80,1
DA:81,1
DA:82,4
DA:83,1
DA:85,1
DA:86,1
DA:87,1
DA:88,4
DA:89,1
DA:91,1
DA:92,2
DA:94,1
DA:95,1
DA:96,1
DA:115,3
DA:116,2
DA:118,1
DA:129,2
DA:132,2
DA:135,1
DA:136,2
DA:139,1
DA:140,2
DA:145,0
DA:149,0
DA:151,0
DA:152,0
DA:158,0
DA:159,0
DA:163,0
DA:164,0
DA:165,0
DA:174,0
DA:175,0
DA:176,0
DA:180,0
DA:181,0
DA:183,0
DA:198,0
DA:199,0
DA:203,0
DA:204,0
DA:215,0
DA:216,0
DA:218,0
DA:219,0
DA:223,0
DA:224,0
DA:226,0
DA:231,0
DA:232,0
DA:236,0
DA:237,0
DA:239,0
DA:244,0
DA:245,0
DA:249,1
DA:250,3
DA:251,0
DA:252,1
DA:257,1
DA:258,2
DA:262,0
DA:266,0
DA:270,0
DA:271,0
DA:272,0
DA:280,0
DA:285,0
DA:296,0
DA:301,0
DA:312,0
DA:317,0
DA:328,0
DA:335,0
DA:336,0
DA:342,0
DA:347,0
DA:352,0
DA:358,0
DA:362,0
DA:364,0
DA:365,0
DA:366,0
DA:373,1
DA:374,1
DA:375,4
DA:377,1
DA:378,1
DA:385,1
DA:390,1
DA:391,1
DA:394,1
DA:395,1
DA:396,2
DA:400,1
DA:401,1
DA:405,1
DA:409,1
DA:410,4
DA:412,4
DA:413,2
DA:415,1
DA:416,1
LF:117
LH:61
end_of_record
SF:lib\core\optimization\device_capability.dart
DA:7,0
DA:17,1
DA:18,1
DA:23,1
DA:24,1
DA:29,1
DA:38,1
DA:39,1
DA:42,2
DA:44,2
DA:51,1
DA:62,1
DA:63,0
DA:64,1
DA:65,0
DA:76,0
DA:87,0
DA:102,1
DA:103,1
DA:104,1
DA:106,1
DA:108,0
DA:114,1
DA:115,1
DA:116,1
DA:118,1
DA:120,0
DA:126,1
DA:127,1
DA:128,1
DA:130,1
DA:132,0
DA:138,1
DA:139,1
DA:140,1
DA:142,1
DA:144,0
DA:164,2
DA:166,2
DA:168,2
DA:170,2
DA:176,0
DA:178,0
DA:180,0
DA:182,0
DA:188,2
DA:190,2
DA:192,2
DA:194,2
DA:215,1
DA:223,6
DA:226,6
DA:229,2
DA:230,8
DA:242,2
DA:244,2
DA:246,2
DA:248,2
DA:254,2
DA:256,2
DA:258,2
DA:260,2
DA:274,1
DA:283,2
DA:284,8
DA:286,8
LF:66
LH:53
end_of_record
SF:lib\core\optimization\quality_settings.dart
DA:60,1
DA:157,1
DA:159,1
DA:161,1
DA:163,1
DA:169,0
DA:170,0
DA:177,1
DA:193,1
DA:194,1
DA:195,1
DA:196,1
DA:197,1
DA:198,1
DA:200,1
DA:201,1
DA:202,0
DA:204,1
DA:206,1
DA:207,1
DA:208,1
DA:209,1
DA:210,1
DA:218,1
DA:219,1
DA:220,1
DA:221,1
DA:222,2
DA:223,1
DA:224,1
DA:225,1
DA:226,1
DA:227,1
DA:228,1
DA:229,1
DA:230,1
DA:231,1
DA:232,1
DA:233,1
DA:237,1
DA:238,1
DA:239,1
DA:240,1
DA:241,2
DA:242,1
DA:243,1
DA:244,1
DA:245,1
DA:246,1
DA:247,1
DA:248,1
DA:249,1
DA:250,1
DA:251,1
DA:252,1
DA:267,1
DA:269,1
DA:271,1
DA:273,1
DA:275,1
DA:281,1
DA:283,1
DA:285,1
DA:287,1
DA:289,1
DA:290,1
LF:66
LH:63
end_of_record
SF:lib\core\systems\cloud_save_manager.dart
DA:52,1
DA:59,2
DA:62,1
DA:65,2
DA:71,2
DA:85,1
DA:93,2
DA:94,1
DA:95,1
DA:96,2
DA:97,1
DA:98,1
DA:101,1
DA:102,1
DA:103,1
DA:104,2
DA:105,2
DA:106,1
DA:107,1
DA:111,1
DA:118,1
DA:119,1
DA:120,1
DA:121,1
DA:122,0
DA:123,0
DA:145,2
DA:146,2
DA:147,2
DA:148,3
DA:150,1
DA:152,2
DA:153,3
DA:155,2
DA:158,1
DA:160,2
DA:161,3
DA:163,2
DA:164,1
DA:167,1
DA:169,2
DA:170,0
DA:172,2
DA:173,2
DA:176,1
DA:178,2
DA:179,0
DA:181,2
DA:182,1
DA:183,3
DA:187,1
DA:189,2
DA:190,0
DA:192,2
DA:193,1
DA:194,2
DA:198,1
DA:200,2
DA:201,3
DA:203,2
DA:204,3
DA:226,2
DA:227,2
DA:228,2
DA:229,2
DA:230,2
DA:231,2
DA:232,1
DA:233,4
DA:234,3
DA:235,0
DA:236,4
DA:238,1
DA:242,1
DA:243,1
DA:246,2
DA:247,1
DA:248,1
DA:249,1
DA:250,1
DA:251,2
DA:253,1
DA:254,3
DA:260,1
DA:261,1
DA:262,1
DA:266,1
DA:267,2
DA:268,4
DA:269,2
DA:273,0
DA:277,1
DA:279,2
DA:282,1
DA:284,0
DA:289,1
DA:290,1
DA:292,1
DA:293,3
DA:294,4
DA:297,2
DA:299,1
DA:300,1
DA:301,2
DA:304,1
DA:305,2
DA:309,1
DA:310,1
DA:311,1
DA:315,1
DA:316,1
DA:318,1
DA:320,1
DA:322,1
DA:326,1
DA:327,1
DA:328,2
DA:332,1
DA:334,1
DA:335,1
DA:336,1
DA:338,1
DA:341,1
DA:342,1
DA:343,2
DA:344,2
DA:345,0
DA:347,2
DA:348,2
DA:351,1
DA:352,2
DA:353,1
DA:354,2
DA:358,1
DA:359,1
DA:360,2
DA:365,3
DA:366,1
DA:369,1
DA:370,1
DA:371,1
DA:374,2
DA:375,2
DA:376,1
DA:378,1
DA:379,1
DA:381,3
DA:384,0
DA:390,1
DA:391,1
DA:392,2
DA:397,2
DA:398,3
DA:403,2
DA:405,2
DA:406,1
DA:407,1
DA:410,3
DA:417,1
DA:418,1
DA:419,1
DA:423,2
DA:425,1
DA:428,2
DA:429,2
DA:433,1
DA:437,2
DA:438,2
DA:439,1
DA:440,2
DA:444,2
DA:445,2
DA:446,1
DA:447,2
DA:453,1
DA:457,0
DA:459,0
DA:460,0
DA:465,1
DA:466,1
DA:467,1
DA:470,1
DA:471,1
DA:474,2
DA:476,0
DA:477,0
DA:478,0
DA:482,1
DA:483,3
DA:484,2
DA:487,2
DA:490,0
DA:491,0
DA:492,0
DA:496,2
DA:498,2
DA:500,0
DA:507,2
DA:508,2
DA:509,2
DA:510,2
DA:512,2
DA:517,0
DA:520,2
DA:521,1
DA:523,1
DA:524,0
DA:525,0
DA:526,0
DA:527,0
DA:530,5
DA:534,1
DA:535,2
DA:537,1
DA:538,1
DA:539,3
DA:540,2
DA:545,1
DA:551,3
DA:552,2
DA:555,3
DA:558,2
DA:559,2
DA:560,2
DA:561,1
DA:564,1
DA:565,1
DA:566,2
DA:567,2
DA:568,1
DA:570,1
DA:571,2
DA:572,2
DA:573,1
DA:574,1
DA:576,1
DA:577,3
DA:578,2
DA:579,2
DA:581,2
DA:582,2
DA:583,1
DA:585,1
DA:587,1
DA:589,1
DA:590,1
DA:591,1
DA:596,1
DA:600,1
DA:601,0
DA:605,3
DA:606,1
DA:609,1
DA:610,1
DA:611,1
DA:614,2
DA:615,2
DA:616,2
DA:618,3
DA:622,1
DA:623,1
DA:625,1
DA:627,0
DA:632,1
DA:633,1
DA:634,2
DA:639,2
DA:640,2
DA:641,2
DA:642,1
DA:643,1
DA:645,3
DA:648,3
DA:654,1
DA:655,2
DA:659,1
DA:661,2
DA:668,1
DA:669,2
DA:670,2
DA:671,2
DA:672,1
DA:673,1
DA:675,1
DA:676,1
DA:677,1
DA:678,1
DA:680,1
DA:681,2
DA:685,1
DA:686,1
DA:691,2
DA:693,2
DA:694,2
DA:695,1
DA:696,1
DA:701,0
DA:707,1
DA:708,1
DA:712,2
DA:718,2
DA:719,2
DA:720,1
DA:721,1
DA:724,0
DA:730,1
DA:731,1
DA:733,3
DA:734,5
DA:736,1
DA:739,1
DA:741,1
DA:742,1
LF:313
LH:284
end_of_record
SF:lib\core\economy\gold_manager.dart
DA:8,1
DA:16,6
DA:17,6
DA:20,1
DA:21,1
DA:24,3
DA:25,3
DA:28,4
DA:29,6
DA:31,6
DA:32,9
DA:35,2
DA:36,2
DA:37,4
DA:38,4
DA:39,6
DA:45,1
DA:46,2
DA:51,1
DA:53,1
DA:54,1
DA:58,1
DA:60,2
DA:61,3
LF:24
LH:24
end_of_record
SF:lib\systems\progression\prestige_manager.dart
DA:16,1
DA:25,2
DA:27,1
DA:28,4
DA:29,1
DA:34,5
DA:36,1
DA:37,3
DA:38,2
DA:42,1
DA:43,3
DA:46,1
DA:47,1
DA:53,1
DA:59,2
DA:60,2
DA:62,1
DA:63,3
DA:65,1
DA:66,3
DA:69,3
DA:74,1
DA:75,2
DA:80,1
DA:81,1
DA:82,1
DA:84,2
DA:85,2
DA:86,1
DA:89,1
DA:95,1
DA:96,1
DA:97,2
DA:98,1
DA:99,1
DA:103,1
DA:104,2
DA:106,1
DA:107,4
DA:112,1
DA:113,2
DA:116,1
DA:117,2
DA:119,2
DA:120,2
DA:121,1
DA:122,1
DA:125,1
DA:133,1
DA:134,3
DA:139,1
DA:141,3
DA:142,2
DA:143,4
DA:146,1
DA:150,1
DA:152,3
DA:153,4
DA:154,4
DA:157,1
DA:161,1
DA:162,1
DA:163,1
DA:166,1
DA:167,1
DA:168,1
DA:171,1
DA:172,3
DA:173,1
DA:177,1
DA:178,1
DA:179,1
DA:180,3
DA:181,1
DA:183,1
DA:189,1
DA:190,1
DA:193,2
DA:194,2
DA:197,3
DA:198,4
DA:203,1
DA:204,1
DA:207,2
DA:208,2
DA:211,3
DA:212,3
DA:213,1
DA:216,1
DA:220,1
DA:221,1
DA:223,1
DA:224,1
DA:226,3
DA:227,3
DA:233,1
DA:235,1
DA:236,3
DA:237,3
DA:240,1
DA:241,1
DA:242,1
DA:247,1
DA:249,2
DA:250,2
DA:252,1
DA:254,2
DA:255,3
DA:257,2
DA:262,1
LF:110
LH:110
end_of_record
SF:lib\core\systems\save_manager.dart
DA:28,2
DA:29,2
DA:30,2
DA:31,2
DA:34,1
DA:35,3
DA:36,4
DA:40,1
DA:41,2
DA:42,3
DA:46,1
DA:47,1
DA:49,1
DA:51,1
DA:53,1
DA:57,1
DA:58,1
DA:59,2
DA:62,1
DA:65,1
DA:66,1
DA:67,1
DA:69,1
DA:73,1
DA:74,1
DA:75,2
DA:76,2
DA:77,0
DA:79,4
DA:83,1
DA:84,2
DA:85,1
DA:86,2
DA:90,1
DA:92,1
DA:94,3
DA:95,1
DA:96,1
DA:99,1
DA:100,1
DA:101,2
DA:103,0
DA:107,2
DA:108,3
DA:110,5
DA:111,1
DA:113,0
DA:118,1
DA:120,1
DA:122,3
DA:123,1
DA:124,1
DA:127,2
DA:129,1
DA:130,1
DA:133,0
DA:137,1
DA:139,2
DA:142,2
DA:144,5
DA:145,1
DA:147,0
DA:152,1
DA:153,2
DA:155,3
DA:160,1
DA:161,1
DA:162,1
DA:163,2
DA:165,3
DA:167,0
DA:172,1
DA:173,2
DA:175,3
DA:180,1
DA:181,2
DA:183,1
DA:184,1
DA:186,3
DA:189,0
DA:194,1
DA:196,1
DA:198,3
DA:199,2
DA:202,1
DA:203,1
DA:204,1
DA:206,2
DA:207,1
DA:209,0
DA:214,1
DA:216,1
DA:217,2
DA:219,0
DA:225,1
DA:226,3
DA:230,1
DA:231,1
DA:234,2
DA:235,1
DA:238,2
DA:240,1
DA:241,3
DA:242,3
DA:243,2
DA:245,1
DA:247,0
DA:251,1
DA:252,1
DA:255,1
DA:256,1
DA:259,3
DA:260,1
DA:262,1
DA:267,3
DA:268,1
DA:270,5
DA:274,2
DA:275,2
DA:277,2
DA:278,2
DA:281,1
DA:285,1
DA:286,2
DA:289,2
DA:290,1
DA:291,2
DA:293,2
DA:294,3
DA:297,2
DA:298,3
DA:302,1
DA:303,1
DA:304,1
DA:305,1
DA:306,1
DA:307,1
DA:308,2
DA:309,5
DA:310,1
DA:311,2
DA:313,2
DA:320,1
DA:322,1
DA:323,1
LF:145
LH:135
end_of_record
SF:lib\core\systems\rpg\inventory_system.dart
DA:8,2
DA:16,2
DA:18,6
DA:19,0
DA:22,2
DA:23,2
DA:24,10
DA:25,8
DA:31,2
DA:36,4
DA:37,8
DA:38,6
DA:39,2
DA:40,2
DA:41,4
DA:42,2
DA:44,2
DA:50,2
DA:51,2
DA:52,8
DA:53,0
DA:57,5
DA:58,6
DA:59,2
DA:64,2
DA:70,2
DA:76,10
DA:77,2
DA:79,4
DA:80,6
DA:82,4
DA:84,4
DA:85,4
DA:86,4
DA:89,4
DA:90,2
DA:96,2
DA:100,2
DA:101,6
DA:104,0
DA:105,0
LF:41
LH:37
end_of_record
SF:lib\core\systems\rpg\item_data.dart
DA:8,2
LF:1
LH:1
end_of_record
SF:lib\core\systems\rpg\stat_system\base_stat.dart
DA:9,3
DA:11,1
DA:12,1
DA:13,1
DA:16,0
DA:18,3
DA:19,3
DA:20,6
DA:21,3
DA:23,3
DA:26,2
DA:27,4
DA:28,2
DA:31,2
DA:32,4
DA:33,2
DA:39,0
DA:41,0
DA:42,0
DA:48,0
DA:52,3
DA:53,3
DA:57,5
DA:58,4
DA:59,4
DA:64,5
DA:65,4
DA:66,4
DA:71,6
DA:74,5
DA:75,4
DA:76,2
LF:32
LH:27
end_of_record
SF:lib\core\systems\rpg\stat_system\stat_modifier.dart
DA:12,2
LF:1
LH:1
end_of_record
SF:lib\core\ui\accessibility\accessibility_settings.dart
DA:99,2
DA:143,1
DA:144,1
DA:184,2
DA:210,2
DA:212,1
DA:213,2
DA:214,2
DA:215,1
DA:216,2
DA:217,2
DA:218,2
DA:219,2
DA:221,2
DA:223,2
DA:224,2
DA:225,1
DA:226,2
DA:228,2
DA:229,2
DA:230,2
DA:231,2
DA:232,2
DA:234,2
DA:235,2
DA:236,2
DA:237,2
DA:239,2
DA:240,2
DA:245,1
DA:246,1
DA:247,1
DA:248,2
DA:249,1
DA:250,2
DA:251,1
DA:252,1
DA:253,1
DA:254,2
DA:255,1
DA:256,1
DA:257,1
DA:258,2
DA:259,1
DA:260,1
DA:261,1
DA:262,1
DA:263,1
DA:264,1
DA:265,1
DA:266,1
DA:267,1
DA:268,1
DA:269,1
DA:270,1
DA:275,1
DA:276,1
DA:277,1
DA:279,2
DA:280,1
DA:282,2
DA:283,1
DA:284,1
DA:285,1
DA:286,2
DA:287,1
DA:288,1
DA:289,1
DA:290,2
DA:291,1
DA:292,1
DA:293,1
DA:294,1
DA:295,1
DA:296,1
DA:297,1
DA:298,1
DA:299,1
DA:300,1
DA:301,1
DA:302,1
DA:318,1
DA:320,1
DA:322,1
DA:324,1
DA:326,1
DA:328,1
DA:334,1
DA:336,1
DA:338,1
DA:340,1
DA:342,0
DA:344,0
DA:360,1
DA:362,1
DA:364,1
DA:366,1
DA:368,1
DA:374,0
DA:376,0
DA:378,0
DA:380,0
DA:382,0
DA:398,3
DA:400,3
DA:402,3
DA:404,3
DA:406,3
DA:412,0
DA:414,0
DA:416,0
DA:418,0
DA:420,0
DA:431,2
DA:438,2
DA:439,2
DA:442,2
DA:443,4
DA:446,0
DA:448,0
LF:120
LH:106
end_of_record
SF:lib\core\ui\accessibility\colorblind_colors.dart
DA:15,1
DA:17,1
DA:18,1
DA:19,1
DA:27,0
DA:118,1
DA:120,1
DA:121,1
DA:122,1
DA:127,1
DA:135,3
DA:140,3
DA:156,1
DA:181,1
LF:14
LH:13
end_of_record
SF:lib\core\ui\accessibility\haptic_feedback_manager.dart
DA:8,0
DA:15,2
DA:16,2
DA:17,2
DA:21,1
DA:22,1
DA:23,1
DA:27,0
DA:28,0
DA:29,0
DA:33,0
DA:34,0
DA:35,0
DA:39,0
DA:40,0
DA:41,0
DA:49,0
DA:50,0
DA:51,0
DA:52,0
DA:53,0
DA:57,0
DA:58,0
DA:59,0
DA:60,0
DA:61,0
DA:65,0
DA:66,0
DA:67,0
DA:71,0
DA:72,0
DA:73,0
DA:74,0
DA:75,0
DA:79,0
DA:80,0
DA:81,0
DA:85,0
DA:86,0
DA:88,0
DA:89,0
DA:90,0
DA:95,0
DA:96,0
DA:97,0
DA:101,0
DA:103,0
DA:106,0
DA:107,0
DA:108,0
DA:109,0
DA:111,0
DA:112,0
DA:114,0
DA:115,0
DA:117,0
DA:118,0
DA:128,0
DA:132,0
DA:134,0
DA:135,0
DA:136,0
DA:137,0
DA:139,0
DA:140,0
DA:142,0
DA:143,0
DA:145,0
DA:146,0
DA:150,0
DA:151,0
DA:160,2
DA:163,2
DA:164,2
DA:168,0
DA:173,0
DA:177,0
DA:179,0
DA:181,0
DA:188,0
DA:189,0
DA:191,0
DA:192,0
DA:194,0
DA:195,0
DA:197,0
DA:198,0
DA:225,1
DA:243,1
DA:244,2
DA:250,0
DA:303,0
DA:306,0
DA:309,0
DA:312,0
DA:315,0
DA:318,0
DA:321,0
DA:324,0
LF:99
LH:12
end_of_record
SF:lib\core\ui\theme\mg_colors.dart
DA:6,0
DA:107,1
DA:108,1
DA:110,2
DA:111,1
DA:116,2
DA:117,1
DA:122,2
DA:123,1
DA:128,2
DA:129,0
DA:134,2
DA:135,0
DA:140,2
DA:141,1
DA:146,2
DA:147,0
DA:155,1
DA:163,1
DA:165,1
DA:166,1
DA:167,1
DA:168,1
DA:169,1
DA:170,0
DA:181,1
LF:26
LH:21
end_of_record
SF:lib\core\ui\layout\mg_spacing.dart
DA:6,0
DA:89,4
DA:92,1
DA:93,1
DA:96,1
DA:97,1
DA:100,3
DA:101,3
DA:104,1
DA:105,1
DA:108,1
DA:109,1
DA:112,4
DA:115,3
DA:116,3
DA:123,2
DA:126,4
DA:129,2
DA:132,2
DA:135,2
DA:138,2
DA:141,2
DA:144,2
DA:147,2
DA:150,4
DA:153,4
DA:156,2
DA:159,4
DA:162,2
LF:29
LH:28
end_of_record
SF:lib\core\ui\widgets\buttons\game_button.dart
DA:13,2
DA:21,2
DA:23,2
DA:24,2
DA:25,2
DA:26,2
DA:27,2
DA:28,2
DA:29,4
DA:36,2
DA:40,2
DA:41,2
DA:45,0
DA:49,0
DA:55,2
DA:61,2
DA:62,2
DA:63,4
LF:18
LH:16
end_of_record
SF:lib\core\ui\widgets\containers\game_panel.dart
DA:13,2
DA:23,2
DA:25,2
DA:26,1
DA:28,2
DA:31,2
DA:32,2
DA:33,2
DA:34,2
DA:35,2
DA:36,2
DA:37,2
DA:38,2
DA:40,2
DA:41,2
DA:42,2
DA:43,2
DA:44,2
DA:50,2
DA:55,1
DA:56,1
DA:57,1
DA:58,1
DA:59,1
DA:60,1
DA:61,1
DA:62,1
DA:63,1
DA:64,1
DA:65,1
DA:66,1
DA:67,1
DA:68,1
DA:69,1
DA:70,1
DA:72,1
LF:36
LH:36
end_of_record
SF:lib\core\ui\widgets\dialogs\game_dialog.dart
DA:15,1
DA:26,0
DA:33,0
DA:42,0
DA:51,0
DA:61,1
DA:63,1
DA:66,1
DA:68,1
DA:70,1
DA:72,1
DA:73,2
DA:74,1
DA:80,1
DA:81,1
DA:88,1
DA:90,1
DA:91,2
DA:92,0
DA:93,0
DA:94,0
DA:95,0
DA:96,0
DA:97,0
DA:98,0
DA:105,1
DA:106,1
DA:107,1
DA:108,1
DA:109,2
DA:110,2
LF:31
LH:20
end_of_record
SF:lib\core\ui\widgets\buttons\mg_button.dart
DA:21,2
DA:37,2
DA:52,2
DA:67,2
DA:81,2
DA:83,2
DA:84,4
DA:85,2
DA:87,2
DA:90,2
DA:91,2
DA:92,2
DA:94,2
DA:97,2
DA:99,2
DA:100,8
DA:105,2
DA:106,2
DA:108,6
DA:110,2
DA:111,2
DA:112,2
DA:113,2
DA:120,4
DA:122,2
DA:123,2
DA:124,2
DA:127,4
DA:128,2
DA:129,2
DA:131,2
DA:134,2
DA:135,2
DA:136,4
DA:138,2
DA:139,2
DA:140,2
DA:142,2
DA:149,2
DA:150,2
DA:153,4
DA:154,2
DA:155,2
DA:157,2
DA:160,0
DA:161,0
DA:162,0
DA:164,2
DA:165,4
DA:167,2
DA:168,2
DA:169,0
DA:177,2
DA:178,2
DA:181,4
DA:182,2
DA:183,2
DA:185,2
DA:188,0
DA:189,0
DA:190,0
DA:192,2
DA:193,4
DA:195,2
DA:204,2
DA:206,2
DA:208,2
DA:209,2
DA:210,2
DA:211,2
DA:212,2
DA:213,2
DA:214,2
DA:218,2
DA:219,2
DA:220,2
DA:222,2
DA:223,2
DA:224,2
DA:229,2
DA:230,2
DA:231,2
DA:233,2
DA:235,2
DA:240,2
DA:241,2
DA:242,2
DA:244,2
DA:246,0
DA:285,2
DA:298,2
DA:300,2
DA:301,4
DA:304,6
DA:305,2
DA:307,2
DA:308,4
DA:309,2
DA:310,2
DA:311,2
DA:312,2
DA:313,2
DA:314,4
DA:317,2
DA:318,2
DA:319,2
DA:323,2
DA:324,2
DA:325,2
DA:330,2
DA:332,2
DA:333,4
DA:338,2
DA:340,2
DA:342,2
DA:344,1
DA:362,1
DA:375,1
DA:379,2
DA:380,1
DA:381,0
DA:382,0
DA:383,0
DA:385,2
DA:386,2
DA:387,1
DA:388,1
DA:389,1
DA:392,1
DA:393,1
DA:394,1
DA:395,2
DA:397,1
DA:398,1
DA:399,1
DA:400,1
DA:401,2
DA:405,1
DA:407,3
LF:139
LH:128
end_of_record
SF:lib\core\ui\widgets\containers\mg_card.dart
DA:20,1
DA:37,0
DA:54,1
DA:70,1
DA:85,1
DA:87,1
DA:88,2
DA:89,2
DA:91,1
DA:93,1
DA:95,2
DA:96,2
DA:97,1
DA:98,1
DA:99,1
DA:102,2
DA:103,1
DA:104,1
DA:105,1
DA:106,2
DA:107,2
DA:112,1
DA:115,2
DA:116,1
DA:118,1
DA:119,2
DA:120,2
DA:121,2
DA:127,1
DA:128,0
DA:129,0
DA:134,1
DA:135,1
DA:136,1
DA:137,1
DA:138,1
DA:139,1
DA:158,1
DA:171,1
DA:173,1
DA:175,1
DA:176,1
DA:177,1
DA:178,1
DA:180,1
DA:181,1
DA:182,1
DA:183,0
DA:185,0
DA:187,1
DA:188,1
DA:190,1
DA:191,1
DA:193,3
DA:196,1
DA:197,1
DA:199,1
DA:200,1
DA:201,1
DA:202,2
DA:204,1
DA:205,1
DA:206,1
DA:207,2
DA:212,3
DA:229,1
DA:240,1
DA:242,1
DA:243,3
DA:245,1
DA:246,1
DA:247,1
DA:250,1
DA:251,1
DA:252,1
DA:253,1
DA:254,1
DA:255,1
DA:259,2
DA:260,1
DA:261,1
DA:262,1
DA:263,2
DA:269,1
DA:270,1
DA:271,3
DA:276,1
DA:277,1
DA:279,1
DA:280,1
DA:281,3
DA:282,1
DA:301,0
DA:311,0
DA:313,0
DA:315,0
DA:316,0
DA:317,0
DA:318,0
DA:320,0
DA:323,0
DA:325,0
DA:329,0
DA:330,0
DA:331,0
DA:335,0
DA:337,0
DA:339,0
DA:340,0
DA:341,0
DA:342,0
DA:346,0
DA:347,0
DA:349,0
DA:350,0
DA:351,0
DA:352,0
DA:353,0
DA:354,0
DA:355,0
DA:358,0
DA:359,0
DA:360,0
DA:367,0
DA:368,0
DA:369,0
LF:126
LH:87
end_of_record
SF:lib\core\ui\widgets\loading\mg_loading.dart
DA:13,1
DA:20,1
DA:22,1
DA:23,1
DA:24,1
DA:25,1
DA:26,1
DA:27,1
DA:28,4
DA:43,1
DA:52,1
DA:54,1
DA:55,1
DA:56,1
DA:57,1
DA:58,1
DA:59,1
DA:60,1
DA:61,1
DA:62,1
DA:63,1
DA:65,1
DA:67,2
DA:68,1
DA:69,1
DA:70,1
DA:91,1
DA:99,1
DA:101,1
DA:102,1
DA:103,1
DA:104,1
DA:106,1
DA:107,2
DA:108,1
DA:109,1
DA:111,1
DA:112,1
DA:114,1
DA:115,1
DA:116,1
DA:117,1
DA:118,1
DA:120,1
DA:121,1
DA:122,4
DA:129,1
DA:130,2
DA:131,1
DA:132,1
DA:133,1
DA:151,1
DA:160,1
DA:169,1
DA:177,1
DA:185,1
DA:186,1
DA:194,1
DA:196,1
DA:197,2
DA:200,1
DA:202,4
DA:203,2
DA:207,1
DA:209,2
DA:210,1
DA:213,1
DA:215,1
DA:216,1
DA:217,1
DA:218,1
DA:219,2
DA:220,2
DA:221,1
DA:222,2
DA:224,3
DA:225,2
DA:226,1
DA:234,1
DA:235,4
DA:236,3
DA:237,4
DA:254,1
DA:262,1
DA:264,1
DA:266,1
DA:267,1
DA:268,1
DA:270,1
DA:272,1
DA:273,2
DA:277,2
DA:281,2
DA:285,1
DA:286,1
DA:287,2
DA:289,1
DA:290,3
DA:306,1
DA:312,1
DA:314,1
DA:316,1
DA:317,1
DA:318,2
DA:322,1
DA:323,1
DA:332,1
DA:348,1
DA:355,1
DA:356,1
DA:363,1
DA:365,1
DA:366,2
DA:369,1
DA:372,1
DA:374,2
DA:375,1
DA:378,1
DA:380,5
DA:382,1
DA:384,4
DA:385,1
DA:386,1
DA:387,1
DA:388,3
DA:389,4
DA:390,6
DA:392,1
DA:393,4
DA:394,3
DA:395,3
DA:396,1
DA:397,3
LF:133
LH:133
end_of_record
SF:lib\features\battle\logic\battle_unit.dart
DA:18,2
DA:25,4
DA:26,4
DA:27,4
DA:30,4
DA:31,6
DA:33,2
DA:34,2
DA:35,8
DA:36,8
DA:39,1
DA:40,1
DA:41,6
DA:44,1
DA:45,2
DA:47,3
DA:48,2
DA:52,1
DA:53,2
DA:54,3
DA:55,2
DA:60,1
DA:62,5
DA:63,2
DA:64,1
DA:65,1
DA:70,1
DA:72,1
DA:73,0
DA:74,1
DA:75,1
DA:76,0
DA:77,0
LF:33
LH:30
end_of_record
SF:lib\features\battle\logic\skill\skill.dart
DA:12,1
DA:19,3
DA:20,2
DA:22,1
DA:23,1
DA:25,2
DA:26,1
DA:29,2
DA:32,1
DA:33,2
DA:34,2
LF:11
LH:11
end_of_record
SF:lib\features\battle\logic\skill\skill_effect.dart
DA:10,1
DA:12,1
DA:15,4
DA:16,1
DA:23,1
DA:25,1
DA:27,2
LF:7
LH:7
end_of_record
SF:lib\features\battle\logic\buffs\buff.dart
DA:9,1
DA:17,1
DA:18,2
DA:19,2
DA:21,2
LF:5
LH:5
end_of_record
SF:lib\core\ui\widgets\progress\mg_progress.dart
DA:17,1
DA:29,1
DA:31,1
DA:33,3
DA:34,3
DA:36,1
DA:37,1
DA:38,1
DA:40,2
DA:42,1
DA:43,2
DA:44,1
DA:46,1
DA:47,2
DA:49,1
DA:50,1
DA:52,2
DA:59,1
DA:61,1
DA:64,1
DA:65,1
DA:67,1
DA:68,1
DA:69,1
DA:70,1
DA:71,2
DA:73,1
DA:74,4
DA:75,2
DA:98,1
DA:111,1
DA:113,6
DA:114,2
DA:117,1
DA:118,1
DA:120,1
DA:122,2
DA:124,1
DA:125,2
DA:128,2
DA:130,1
DA:133,1
DA:134,1
DA:136,1
DA:137,1
DA:138,1
DA:145,1
DA:146,1
DA:147,5
DA:148,1
DA:173,1
DA:184,1
DA:186,1
DA:187,6
DA:189,1
DA:190,1
DA:191,1
DA:192,1
DA:194,1
DA:195,3
DA:196,1
DA:198,1
DA:199,2
DA:207,2
DA:208,1
DA:209,1
DA:211,2
DA:212,3
DA:213,1
DA:233,1
DA:246,1
DA:248,1
DA:249,3
DA:250,1
DA:251,4
DA:252,0
DA:255,0
DA:256,3
DA:258,1
DA:259,1
DA:260,1
DA:261,1
DA:263,1
DA:264,1
DA:265,1
DA:267,3
DA:268,1
DA:269,1
DA:271,3
DA:288,1
DA:299,1
DA:301,1
DA:303,1
DA:304,1
DA:305,1
DA:306,1
DA:308,1
DA:309,1
DA:310,2
DA:312,3
DA:313,1
DA:314,3
DA:316,1
DA:318,1
DA:319,2
DA:320,1
DA:321,1
DA:322,4
DA:323,1
DA:324,2
DA:342,1
DA:351,1
DA:353,1
DA:355,1
DA:356,1
DA:357,1
DA:359,1
DA:360,1
DA:361,1
DA:363,1
DA:365,1
DA:366,1
DA:367,1
DA:369,3
DA:372,1
DA:373,1
DA:393,1
DA:403,1
DA:405,1
DA:413,1
DA:415,2
DA:416,1
DA:417,2
DA:418,2
DA:421,2
DA:422,1
DA:423,2
DA:424,2
DA:428,1
DA:430,1
DA:431,3
DA:432,3
DA:433,2
DA:434,2
LF:144
LH:142
end_of_record
SF:lib\features\crafting\logic\crafting_manager.dart
DA:11,1
DA:17,4
DA:24,1
DA:26,0
DA:28,1
DA:29,3
DA:30,5
DA:37,1
DA:38,1
DA:41,3
DA:42,4
DA:47,4
DA:48,1
DA:49,1
DA:51,1
DA:54,2
DA:58,1
DA:59,1
DA:60,1
DA:76,3
DA:77,3
DA:78,3
DA:83,1
DA:84,2
LF:24
LH:23
end_of_record
SF:lib\features\crafting\logic\recipe.dart
DA:8,1
LF:1
LH:1
end_of_record
SF:lib\features\deck\logic\card_base.dart
DA:6,1
LF:1
LH:1
end_of_record
SF:lib\features\deck\logic\deck_manager.dart
DA:10,1
DA:14,2
DA:15,1
DA:18,3
DA:19,3
DA:20,3
DA:22,1
DA:23,2
DA:26,1
DA:27,2
DA:28,4
DA:30,2
DA:31,2
DA:32,1
DA:35,2
DA:36,2
DA:37,2
DA:42,1
DA:43,2
DA:44,2
DA:45,2
DA:49,1
DA:50,3
DA:51,2
DA:54,1
DA:55,3
DA:56,2
DA:57,1
DA:61,0
LF:29
LH:28
end_of_record
SF:lib\features\idle\logic\offline_calculator.dart
DA:4,1
DA:6,1
DA:8,1
DA:9,1
DA:12,1
DA:13,3
LF:6
LH:6
end_of_record
SF:lib\features\puzzle\logic\grid_manager.dart
DA:11,2
DA:19,0
DA:20,0
DA:21,0
DA:22,0
DA:33,2
DA:34,4
DA:35,2
DA:36,4
DA:37,2
DA:38,4
DA:44,2
DA:45,12
DA:46,1
DA:47,3
DA:49,6
DA:55,1
DA:56,1
DA:57,1
DA:59,1
DA:60,1
DA:61,1
DA:63,2
DA:64,2
DA:65,2
DA:67,1
DA:68,1
DA:69,1
LF:28
LH:24
end_of_record
SF:lib\features\puzzle\logic\match_solver.dart
DA:7,1
DA:13,1
DA:15,1
DA:17,1
DA:18,1
DA:21,3
DA:22,1
DA:23,3
DA:24,1
DA:25,1
DA:26,1
DA:28,3
DA:30,5
DA:32,1
DA:33,3
DA:34,1
DA:38,3
DA:40,0
DA:45,3
DA:46,1
DA:47,3
DA:48,1
DA:49,1
DA:50,1
DA:52,3
DA:54,5
DA:56,1
DA:57,3
DA:58,1
DA:62,3
DA:64,0
DA:69,3
DA:72,1
DA:73,2
DA:82,1
DA:86,1
DA:88,1
DA:89,1
DA:90,2
DA:99,2
DA:100,1
DA:101,3
DA:103,2
DA:104,2
DA:106,1
DA:107,1
DA:113,4
DA:119,1
DA:120,3
DA:121,1
DA:122,4
LF:51
LH:49
end_of_record
SF:lib\systems\gacha\gacha_pool.dart
DA:21,2
DA:23,2
DA:25,2
DA:27,2
DA:29,2
DA:30,2
DA:32,2
DA:37,2
DA:39,2
DA:41,2
DA:43,2
DA:45,2
DA:46,2
DA:48,2
DA:53,1
DA:55,1
DA:57,1
DA:59,1
DA:61,1
DA:62,1
DA:64,1
DA:81,2
DA:82,4
DA:85,3
DA:97,2
DA:98,1
DA:99,1
DA:100,1
DA:101,1
DA:102,1
DA:103,1
DA:104,1
DA:105,1
DA:122,2
DA:123,2
DA:125,2
DA:139,2
DA:140,6
DA:143,2
DA:144,12
DA:147,2
DA:148,14
DA:151,2
DA:152,2
DA:153,2
DA:154,6
DA:155,6
DA:159,1
DA:160,1
DA:161,3
DA:162,2
DA:174,1
DA:182,2
DA:183,4
DA:186,4
DA:187,6
DA:188,8
DA:200,1
LF:58
LH:58
end_of_record
SF:lib\systems\gacha\gacha_manager.dart
DA:18,1
DA:33,1
DA:40,2
DA:41,1
DA:42,1
DA:43,1
DA:44,1
DA:47,2
DA:48,1
DA:49,1
DA:50,1
DA:51,1
DA:63,1
DA:71,2
DA:72,1
DA:73,1
DA:74,2
DA:75,2
DA:76,1
DA:79,1
DA:80,1
DA:81,1
DA:82,1
DA:83,2
DA:84,2
DA:85,1
DA:103,1
DA:109,4
DA:112,1
DA:113,6
DA:116,0
DA:117,0
DA:120,1
DA:121,3
DA:122,3
DA:123,5
DA:128,0
DA:129,0
DA:133,3
DA:136,1
DA:137,2
DA:138,1
DA:140,2
DA:142,0
DA:145,1
DA:148,3
DA:150,2
DA:151,2
DA:152,1
DA:153,1
DA:156,1
DA:157,1
DA:163,1
DA:164,2
DA:165,1
DA:167,1
DA:170,2
DA:171,2
DA:173,0
DA:179,2
DA:180,0
DA:182,1
DA:185,7
DA:189,1
DA:192,3
DA:194,2
DA:195,2
DA:196,1
DA:197,1
DA:201,1
DA:202,1
DA:208,1
DA:209,2
DA:210,2
DA:213,1
DA:217,5
DA:218,4
DA:219,1
DA:223,1
DA:225,1
DA:228,3
DA:229,1
DA:234,0
DA:235,0
DA:236,0
DA:239,0
DA:240,0
DA:241,0
DA:246,0
DA:247,0
DA:248,0
DA:251,0
DA:253,0
DA:256,0
DA:257,0
DA:262,1
DA:263,3
DA:267,2
DA:268,1
DA:271,3
DA:272,3
DA:275,1
DA:276,1
DA:285,1
DA:286,1
DA:287,1
DA:289,4
DA:290,1
DA:294,3
DA:295,6
DA:297,1
DA:299,1
DA:300,0
DA:301,0
DA:305,5
DA:306,4
DA:309,1
DA:315,4
DA:319,1
DA:320,2
DA:321,0
DA:322,4
DA:326,1
DA:327,6
DA:329,1
DA:330,2
DA:331,5
DA:334,1
DA:335,1
DA:341,2
DA:342,5
DA:343,5
DA:347,1
DA:348,2
DA:349,1
DA:350,2
DA:351,5
DA:354,2
DA:355,1
DA:356,2
DA:357,3
DA:360,1
DA:364,0
DA:366,0
DA:367,0
DA:371,0
DA:373,0
DA:374,0
DA:383,1
DA:389,0
DA:390,0
DA:391,0
LF:152
LH:120
end_of_record
SF:lib\systems\battle\battle_entity.dart
DA:17,2
DA:31,2
DA:32,2
DA:34,2
DA:35,2
DA:37,2
DA:38,4
DA:41,4
DA:44,4
DA:47,2
DA:50,14
DA:52,2
DA:54,3
DA:58,2
DA:59,4
DA:63,6
DA:66,4
DA:67,4
DA:68,4
DA:71,2
DA:72,1
DA:76,10
DA:77,2
DA:78,2
DA:81,2
DA:83,2
DA:85,2
DA:86,10
DA:87,4
DA:89,2
DA:90,2
DA:97,2
DA:98,2
DA:99,4
DA:100,2
DA:105,2
DA:106,4
DA:107,2
DA:108,2
DA:113,1
DA:114,4
DA:115,1
DA:119,0
DA:120,0
DA:121,0
DA:125,2
DA:126,4
DA:128,2
DA:130,10
DA:133,2
DA:135,4
DA:136,6
DA:141,2
DA:144,4
DA:145,6
DA:147,3
DA:148,3
DA:149,1
DA:155,4
DA:156,2
DA:159,1
DA:161,5
DA:162,1
DA:165,2
DA:167,4
DA:168,2
DA:169,4
DA:172,10
DA:173,2
DA:177,2
DA:178,2
DA:179,2
DA:183,2
DA:184,2
DA:187,2
DA:189,4
DA:190,4
DA:191,4
DA:192,2
DA:193,2
DA:194,2
DA:195,2
DA:201,1
DA:202,1
DA:205,2
DA:208,1
DA:209,1
DA:212,2
DA:216,2
DA:217,4
DA:218,2
DA:219,4
DA:220,2
DA:223,0
DA:224,0
DA:230,2
DA:236,2
DA:245,2
DA:251,2
LF:99
LH:94
end_of_record
SF:lib\systems\battle\battle_manager_base.dart
DA:20,2
DA:23,0
DA:26,1
DA:27,4
DA:30,0
DA:31,0
DA:40,5
DA:43,5
DA:46,1
DA:48,1
DA:49,1
DA:50,1
DA:51,1
DA:55,1
DA:58,1
DA:60,1
DA:63,2
DA:64,1
DA:67,1
DA:68,1
DA:72,1
DA:75,1
DA:78,2
DA:79,1
DA:82,1
DA:83,1
DA:84,1
DA:87,1
DA:91,1
DA:97,1
DA:100,2
DA:101,1
DA:105,1
DA:106,1
DA:107,1
DA:108,1
DA:109,1
DA:110,0
DA:111,0
DA:112,0
DA:115,2
DA:116,1
DA:117,1
DA:120,1
DA:124,1
DA:127,0
DA:130,1
DA:137,1
DA:138,1
DA:139,2
DA:142,1
DA:143,2
DA:147,1
DA:148,2
DA:152,2
DA:153,1
DA:156,1
DA:159,2
DA:160,1
DA:161,0
DA:166,1
DA:175,1
DA:179,1
DA:180,1
DA:181,1
DA:184,2
DA:185,1
DA:187,1
DA:194,1
DA:200,2
DA:207,2
DA:208,1
DA:212,1
DA:216,1
DA:217,1
DA:221,1
DA:222,4
DA:226,0
DA:228,0
DA:229,0
DA:231,0
DA:232,0
DA:234,0
DA:235,0
DA:238,0
LF:85
LH:69
end_of_record
SF:lib\systems\battle\battle_types.dart
DA:60,2
DA:67,6
DA:70,1
DA:75,1
DA:76,1
DA:77,0
DA:78,1
DA:82,0
DA:83,0
DA:94,1
DA:103,7
DA:111,1
DA:121,0
LF:13
LH:9
end_of_record
SF:lib\systems\idle\idle_manager.dart
DA:6,6
DA:8,4
DA:10,2
DA:25,2
DA:26,6
DA:30,1
DA:31,2
DA:35,2
DA:36,4
DA:40,1
DA:41,3
DA:45,2
DA:46,2
DA:50,4
DA:53,0
DA:58,1
DA:59,2
DA:63,2
DA:64,4
DA:68,2
DA:69,6
DA:73,1
DA:74,1
DA:76,1
DA:77,2
DA:78,0
DA:83,2
DA:84,3
DA:85,2
DA:86,2
DA:90,0
DA:91,0
DA:93,0
DA:94,0
DA:96,0
DA:97,0
DA:99,0
DA:102,0
DA:103,0
DA:104,0
DA:106,0
DA:107,0
DA:110,0
DA:111,0
DA:118,2
DA:119,2
DA:123,6
DA:124,6
DA:126,6
DA:127,2
DA:129,2
DA:131,4
DA:134,2
DA:135,2
DA:136,4
DA:141,6
DA:142,2
DA:149,0
DA:150,0
DA:151,0
DA:153,0
DA:157,1
DA:158,2
DA:161,1
DA:165,1
DA:166,2
DA:169,1
DA:173,1
DA:174,1
DA:176,3
DA:177,1
DA:178,1
DA:179,2
DA:187,1
DA:188,2
DA:191,2
DA:195,0
DA:196,0
DA:197,0
DA:201,0
DA:202,0
DA:204,0
DA:205,0
DA:206,0
DA:210,1
DA:211,2
DA:213,1
DA:218,1
DA:219,2
DA:221,1
DA:222,1
DA:227,2
DA:228,2
DA:230,10
DA:231,2
DA:236,1
DA:237,1
DA:238,3
DA:243,1
DA:244,1
DA:245,2
DA:246,3
DA:248,0
DA:249,0
DA:250,0
DA:251,0
DA:252,0
DA:254,0
DA:261,2
DA:262,2
DA:263,4
DA:264,2
DA:268,1
DA:269,6
DA:273,1
DA:274,6
DA:278,1
DA:279,1
DA:280,1
DA:282,2
DA:285,0
DA:287,0
DA:288,0
LF:123
LH:86
end_of_record
SF:lib\systems\idle\idle_resource.dart
DA:13,2
DA:22,2
DA:25,2
DA:26,6
DA:28,4
DA:29,8
DA:35,2
DA:36,6
DA:37,2
DA:39,4
DA:44,1
DA:45,3
DA:46,2
DA:51,1
DA:52,1
DA:53,1
DA:58,4
DA:61,4
DA:64,2
DA:65,4
DA:69,1
DA:70,2
DA:74,2
DA:75,2
DA:76,2
DA:77,2
DA:78,4
DA:79,2
DA:84,1
DA:91,1
DA:92,1
DA:97,1
DA:98,1
DA:99,1
DA:101,1
DA:105,0
DA:107,0
DA:110,1
DA:113,4
DA:116,0
DA:117,0
LF:41
LH:37
end_of_record
SF:lib\systems\idle\offline_progress_manager.dart
DA:16,3
DA:25,18
DA:28,15
DA:31,3
DA:32,9
DA:33,12
DA:34,9
DA:35,18
DA:36,6
DA:37,12
DA:39,6
DA:43,0
DA:45,0
DA:73,1
DA:75,0
DA:78,1
DA:79,2
DA:80,1
DA:81,1
DA:84,1
DA:85,2
DA:87,0
DA:91,1
DA:92,2
DA:93,2
DA:97,0
DA:100,0
DA:103,0
DA:106,4
DA:110,1
DA:111,1
DA:113,0
DA:117,1
DA:118,2
DA:121,3
DA:122,1
DA:127,4
DA:128,3
DA:131,2
DA:132,4
DA:134,2
DA:137,2
DA:140,2
DA:141,4
DA:144,1
DA:147,1
DA:149,3
DA:152,1
DA:153,1
DA:156,2
DA:163,1
DA:164,1
DA:166,3
DA:167,1
DA:168,1
DA:169,1
DA:175,1
DA:176,1
DA:178,1
DA:179,4
DA:180,3
DA:181,2
DA:184,2
DA:185,1
DA:186,3
DA:187,1
DA:191,1
DA:192,1
DA:193,1
DA:199,0
DA:200,0
DA:201,0
DA:202,0
DA:205,1
DA:206,2
DA:207,4
DA:211,0
DA:212,0
DA:216,0
DA:217,0
DA:221,1
DA:222,1
DA:223,1
DA:224,1
DA:225,2
DA:226,2
DA:227,1
DA:231,1
DA:232,1
DA:233,1
DA:234,2
DA:235,1
DA:236,1
DA:237,1
DA:242,1
DA:243,1
DA:244,2
DA:245,1
DA:248,1
DA:249,3
DA:251,1
DA:252,2
DA:254,1
DA:255,3
DA:257,1
DA:258,3
DA:260,1
DA:263,0
DA:265,0
LF:109
LH:91
end_of_record
SF:lib\systems\idle\prestige_manager.dart
DA:33,1
DA:68,3
DA:76,1
DA:78,6
DA:111,3
DA:115,3
DA:116,3
DA:117,3
DA:121,4
DA:124,2
DA:125,4
DA:126,2
DA:129,2
DA:130,6
DA:131,6
DA:132,6
DA:133,6
DA:135,4
DA:137,2
DA:141,2
DA:142,6
DA:143,6
DA:144,6
DA:145,6
DA:146,2
DA:147,8
DA:155,6
DA:156,4
DA:157,4
DA:158,2
DA:159,2
DA:162,3
DA:163,13
DA:166,12
DA:170,3
DA:171,15
DA:175,2
DA:176,10
DA:177,4
DA:185,3
DA:186,3
DA:187,9
DA:190,6
DA:191,3
DA:192,12
DA:194,2
DA:195,8
DA:197,2
DA:198,6
DA:200,1
DA:201,4
DA:206,9
DA:209,4
DA:210,3
DA:212,1
DA:216,3
DA:219,3
DA:220,3
DA:221,9
DA:224,3
DA:225,3
DA:228,9
DA:229,3
DA:231,6
DA:232,6
DA:233,3
DA:235,3
DA:238,2
DA:239,2
DA:240,2
DA:241,2
DA:242,4
DA:243,6
DA:248,1
DA:249,1
DA:250,3
DA:253,1
DA:256,2
DA:257,2
DA:258,1
DA:259,2
DA:265,2
DA:266,8
DA:267,8
DA:275,2
DA:276,2
DA:278,2
DA:279,2
DA:282,6
DA:283,4
DA:287,4
DA:288,4
DA:289,4
DA:290,4
DA:292,2
DA:294,2
DA:295,2
DA:296,2
DA:298,2
DA:299,2
DA:302,3
DA:303,2
DA:309,3
DA:310,3
DA:311,3
DA:313,3
DA:314,4
DA:317,3
DA:321,2
DA:322,4
DA:323,2
DA:327,2
DA:328,4
DA:329,2
DA:333,6
DA:340,3
DA:341,3
DA:342,3
DA:343,3
DA:344,3
DA:345,3
DA:346,5
DA:347,6
DA:352,3
DA:353,6
DA:354,6
DA:355,6
DA:356,6
DA:358,3
DA:359,4
DA:360,2
DA:364,3
DA:365,6
DA:366,6
DA:367,6
DA:371,3
DA:375,2
DA:376,2
DA:377,2
DA:378,2
DA:379,2
DA:380,2
DA:381,2
DA:382,4
DA:384,4
DA:385,4
DA:386,4
DA:387,4
DA:388,4
DA:390,2
DA:393,1
DA:395,4
LF:152
LH:152
end_of_record
SF:lib\systems\progression\achievement_manager.dart
DA:14,2
DA:22,4
DA:24,2
DA:25,2
DA:28,2
DA:29,2
DA:34,1
DA:41,8
DA:42,1
DA:43,6
DA:46,6
DA:49,14
DA:51,2
DA:52,6
DA:55,2
DA:56,6
DA:60,2
DA:61,4
DA:62,2
DA:63,2
DA:65,4
DA:66,2
DA:73,1
DA:75,3
DA:77,3
DA:79,1
DA:84,0
DA:85,0
DA:86,0
DA:87,0
DA:91,0
DA:92,0
DA:93,0
DA:94,0
DA:96,0
DA:99,0
DA:104,2
DA:106,2
DA:107,6
DA:108,2
DA:109,4
DA:112,2
DA:113,2
DA:117,2
DA:119,2
DA:120,5
DA:122,6
DA:123,4
DA:124,2
DA:126,2
DA:130,2
LF:51
LH:41
end_of_record
SF:lib\systems\progression\progression_manager.dart
DA:6,1
DA:22,4
DA:23,4
DA:25,2
DA:26,12
DA:30,0
DA:31,0
DA:34,2
DA:35,2
DA:38,2
DA:39,4
DA:41,4
DA:44,6
DA:45,6
DA:46,4
DA:48,6
DA:49,2
DA:51,2
DA:54,1
DA:55,1
DA:56,1
DA:57,1
DA:60,2
DA:61,2
DA:62,2
DA:63,2
DA:68,2
DA:70,2
DA:71,2
DA:72,2
DA:76,2
DA:78,4
DA:79,4
DA:80,2
LF:34
LH:32
end_of_record
SF:lib\systems\idle\auto_clicker_manager.dart
DA:40,1
DA:61,1
DA:68,1
DA:69,1
DA:70,1
DA:71,1
DA:72,1
DA:73,1
DA:77,1
DA:78,1
DA:79,1
DA:80,1
DA:81,1
DA:82,1
DA:123,0
DA:124,0
DA:125,0
DA:128,0
DA:129,0
DA:132,0
DA:133,0
DA:134,0
DA:135,0
DA:143,0
DA:145,0
DA:150,1
DA:151,6
DA:153,1
DA:161,1
DA:162,3
DA:163,3
DA:164,4
DA:165,1
DA:166,2
DA:172,1
DA:173,2
DA:174,1
DA:179,0
DA:180,0
DA:181,0
DA:182,0
DA:190,4
DA:193,0
DA:194,0
DA:198,0
DA:199,0
DA:200,0
DA:201,0
DA:205,1
DA:206,3
DA:210,1
DA:211,3
DA:215,1
DA:216,3
DA:220,1
DA:221,2
DA:225,0
DA:226,0
DA:234,1
DA:235,2
DA:236,2
DA:237,2
DA:241,1
DA:242,3
DA:243,3
DA:247,1
DA:248,2
DA:249,2
DA:250,1
DA:254,1
DA:255,3
DA:256,3
DA:260,1
DA:262,3
DA:263,3
DA:269,1
DA:271,3
DA:272,6
DA:278,1
DA:279,2
DA:280,2
DA:283,1
DA:284,1
DA:287,2
DA:291,3
DA:292,6
DA:295,1
DA:297,3
DA:298,1
DA:308,1
DA:309,2
DA:310,1
DA:312,1
DA:313,1
DA:314,1
DA:319,1
DA:320,2
DA:321,2
DA:324,1
DA:325,0
DA:328,5
DA:332,2
DA:333,1
DA:334,1
DA:335,1
DA:340,1
DA:341,2
DA:342,1
DA:344,2
DA:345,1
DA:346,1
DA:350,1
DA:351,2
DA:352,1
DA:354,1
DA:355,1
DA:356,1
DA:364,0
DA:365,0
DA:367,0
DA:368,0
DA:369,0
DA:370,0
DA:375,1
DA:376,1
DA:377,1
DA:378,1
DA:382,0
DA:384,0
DA:385,0
DA:389,0
DA:390,0
DA:391,0
DA:394,0
DA:395,0
DA:397,0
DA:398,0
DA:399,0
DA:400,0
DA:402,0
DA:406,0
DA:407,0
DA:408,0
DA:409,0
DA:418,1
DA:419,1
DA:420,6
DA:421,1
DA:422,1
DA:423,1
DA:424,1
DA:429,1
DA:430,1
DA:431,1
DA:432,2
DA:433,1
DA:434,3
DA:438,2
DA:439,3
DA:440,3
DA:441,3
DA:443,1
DA:447,1
DA:448,1
DA:449,2
DA:450,2
DA:451,1
DA:452,1
DA:455,3
DA:456,4
DA:457,1
DA:458,2
DA:462,1
DA:463,1
DA:466,1
DA:468,1
DA:469,1
DA:472,0
DA:474,0
LF:179
LH:130
end_of_record
SF:lib\systems\idle\offline_progress_dialog.dart
DA:16,1
DA:29,1
DA:30,1
DA:39,1
DA:41,1
DA:42,2
DA:47,3
DA:48,2
DA:51,3
DA:52,2
DA:55,2
DA:58,1
DA:60,2
DA:61,1
DA:64,1
DA:66,1
DA:67,3
DA:69,1
DA:70,1
DA:71,1
DA:72,1
DA:73,1
DA:74,1
DA:75,1
DA:77,1
DA:79,1
DA:80,1
DA:81,1
DA:84,1
DA:85,1
DA:90,1
DA:92,1
DA:94,1
DA:98,1
DA:102,1
DA:106,1
DA:115,1
DA:116,1
DA:117,1
DA:118,1
DA:120,1
DA:121,1
DA:124,1
DA:142,1
DA:143,1
DA:145,1
DA:146,1
DA:147,1
DA:149,1
DA:151,1
DA:154,1
DA:155,4
DA:156,1
DA:157,1
DA:166,1
DA:167,3
DA:168,1
DA:178,1
DA:180,1
DA:182,4
DA:183,1
DA:184,5
DA:185,1
DA:186,1
DA:187,3
DA:188,3
DA:190,1
DA:202,1
DA:203,1
DA:204,1
DA:206,1
DA:208,1
DA:209,1
DA:210,3
DA:211,2
DA:213,1
DA:217,1
DA:218,1
DA:229,3
DA:231,1
DA:233,1
DA:234,1
DA:235,3
DA:236,2
DA:239,1
DA:240,2
DA:241,4
DA:243,1
DA:246,1
DA:247,1
DA:249,1
DA:256,3
DA:258,1
DA:259,1
DA:260,3
DA:261,2
DA:263,1
DA:265,2
DA:281,1
DA:289,1
DA:290,1
DA:299,1
DA:301,1
DA:302,2
DA:307,2
DA:310,2
DA:311,1
DA:315,4
DA:318,6
DA:319,3
DA:323,1
DA:325,2
DA:326,1
DA:329,1
DA:331,1
DA:332,1
DA:333,1
DA:334,1
DA:335,1
DA:338,1
DA:340,1
DA:341,1
DA:342,1
DA:343,1
DA:349,1
DA:350,1
DA:351,1
DA:353,1
DA:354,3
DA:355,1
DA:357,1
DA:358,2
DA:359,2
DA:364,1
DA:365,1
DA:366,2
DA:373,1
DA:374,4
DA:375,1
DA:378,2
DA:388,1
DA:389,1
DA:390,3
DA:391,1
DA:392,3
DA:393,1
DA:394,3
DA:396,1
DA:401,1
DA:414,1
DA:417,2
LF:151
LH:151
end_of_record
SF:lib\systems\idle\idle_achievements.dart
DA:72,1
DA:87,1
DA:88,1
DA:89,1
DA:91,1
DA:93,1
DA:95,1
DA:97,1
DA:109,2
DA:121,1
DA:122,1
DA:124,1
DA:125,3
DA:136,1
DA:144,1
DA:145,1
DA:146,1
DA:147,1
DA:148,1
DA:149,2
DA:150,1
DA:154,1
DA:155,1
DA:156,1
DA:157,1
DA:158,1
DA:159,1
DA:160,2
DA:162,1
DA:189,1
DA:190,2
DA:191,1
DA:194,1
DA:195,2
DA:206,1
DA:207,6
DA:208,3
DA:216,1
DA:217,3
DA:218,3
DA:219,5
DA:224,1
DA:225,2
DA:226,1
DA:231,1
DA:232,1
DA:383,1
DA:391,4
DA:394,1
DA:395,7
DA:399,1
DA:400,7
DA:404,1
DA:405,2
DA:406,5
DA:407,1
DA:411,1
DA:412,4
DA:413,3
DA:415,1
DA:416,1
DA:417,1
DA:418,1
DA:422,1
DA:423,3
DA:427,1
DA:428,3
DA:432,1
DA:433,2
DA:434,2
DA:436,1
DA:437,3
DA:441,1
DA:443,2
DA:444,3
DA:449,1
DA:451,1
DA:453,1
DA:455,1
DA:457,1
DA:459,1
DA:465,1
DA:466,2
DA:467,5
DA:475,1
DA:476,2
DA:477,2
DA:478,1
DA:481,2
DA:482,1
DA:485,1
DA:487,2
DA:488,1
DA:491,1
DA:495,1
DA:496,2
DA:499,3
DA:503,1
DA:504,2
DA:507,2
DA:510,1
DA:511,1
DA:512,2
DA:513,1
DA:515,2
DA:523,1
DA:524,2
DA:525,2
DA:527,2
DA:528,1
DA:530,1
DA:531,1
DA:533,3
DA:534,1
DA:536,1
DA:540,1
DA:541,1
DA:543,2
DA:544,2
DA:546,1
DA:558,1
DA:559,1
DA:560,6
DA:565,1
DA:566,1
DA:567,1
DA:568,2
DA:569,1
DA:570,3
DA:573,1
DA:577,1
DA:578,3
DA:579,1
DA:580,1
DA:581,1
DA:582,1
DA:585,2
DA:586,1
DA:589,1
DA:591,5
LF:140
LH:140
end_of_record
SF:lib\systems\progression\upgrade_manager.dart
DA:16,1
DA:26,2
DA:28,1
DA:29,4
DA:30,6
DA:33,4
DA:35,1
DA:36,3
DA:37,2
DA:41,1
DA:42,3
DA:47,1
DA:49,2
DA:50,1
DA:57,1
DA:61,4
DA:63,1
DA:64,3
DA:67,3
DA:69,1
DA:70,2
DA:72,1
DA:73,3
DA:77,1
DA:79,2
DA:82,1
DA:83,2
DA:85,2
DA:86,1
DA:87,1
DA:88,1
DA:95,1
DA:96,3
DA:97,1
DA:102,0
DA:103,0
DA:104,0
DA:105,0
DA:109,0
DA:110,0
DA:111,0
DA:112,0
DA:113,0
DA:115,0
DA:120,1
DA:122,1
DA:123,3
DA:124,3
DA:129,1
DA:131,2
DA:132,3
DA:134,2
DA:137,1
LF:53
LH:43
end_of_record
SF:lib\core\utils\object_pool.dart
DA:18,1
DA:21,1
DA:23,2
DA:24,2
DA:26,2
DA:28,1
DA:33,1
DA:34,4
DA:35,1
DA:36,2
DA:42,0
DA:43,0
DA:47,3
LF:13
LH:11
end_of_record
SF:lib\core\ui\widgets\battlepass\battlepass_tier_list.dart
DA:18,1
DA:28,1
DA:30,1
DA:32,2
DA:33,1
DA:34,2
DA:35,4
DA:36,4
DA:37,1
DA:39,3
DA:40,1
DA:41,3
DA:42,3
DA:45,3
DA:46,4
DA:49,3
DA:50,1
DA:51,0
DA:70,1
DA:82,1
DA:84,1
DA:86,1
DA:87,1
DA:88,1
DA:90,1
DA:91,1
DA:95,1
DA:96,1
DA:97,1
DA:99,1
DA:100,3
DA:108,1
DA:110,1
DA:111,1
DA:112,1
DA:113,1
DA:114,2
DA:115,1
DA:117,2
DA:120,1
DA:122,1
DA:123,1
DA:124,1
DA:126,1
DA:127,1
DA:129,2
DA:146,1
DA:155,1
DA:157,1
DA:158,0
DA:159,0
DA:161,0
DA:166,3
DA:168,1
DA:169,1
DA:170,1
DA:171,1
DA:172,1
DA:175,1
DA:177,1
DA:178,1
DA:179,1
DA:180,1
DA:183,1
DA:184,1
DA:186,1
DA:187,1
DA:189,1
DA:190,1
DA:191,1
DA:192,1
DA:195,2
DA:196,1
DA:197,6
DA:198,1
DA:199,1
DA:208,1
DA:209,1
DA:210,1
DA:212,1
DA:219,1
DA:220,1
DA:221,1
DA:223,1
DA:225,1
DA:226,1
DA:235,1
DA:238,1
DA:241,1
DA:253,1
DA:254,1
DA:255,3
DA:257,1
DA:258,3
DA:260,1
DA:261,1
DA:262,1
DA:263,1
DA:266,2
DA:269,1
DA:270,1
DA:271,2
DA:272,1
DA:274,1
DA:276,1
DA:278,0
DA:280,0
DA:282,0
DA:284,0
DA:286,0
DA:303,1
DA:315,1
DA:317,1
DA:318,1
DA:319,1
DA:320,1
DA:323,1
DA:324,1
DA:329,1
DA:330,1
DA:332,1
DA:334,1
DA:335,1
DA:336,1
DA:337,1
DA:338,1
DA:345,2
DA:346,1
DA:347,1
DA:348,1
DA:350,1
DA:352,1
DA:354,1
DA:368,1
DA:369,1
DA:373,1
DA:374,2
DA:375,1
DA:377,1
DA:378,1
DA:380,1
DA:381,1
DA:382,2
DA:393,1
DA:395,1
DA:396,1
DA:398,1
DA:401,1
DA:404,1
DA:406,1
DA:408,1
DA:413,1
DA:414,2
DA:424,1
DA:426,1
DA:427,1
DA:429,1
DA:430,1
DA:432,1
DA:433,1
DA:435,1
DA:437,1
DA:438,3
DA:446,1
DA:447,1
DA:448,1
DA:449,1
DA:450,2
DA:451,3
DA:454,1
DA:466,2
DA:467,1
DA:468,1
DA:470,1
DA:471,1
DA:480,1
DA:482,1
DA:483,1
DA:484,1
DA:503,1
DA:511,1
DA:513,1
DA:516,2
DA:517,2
DA:518,1
DA:519,2
DA:520,3
DA:521,3
DA:522,2
DA:524,1
DA:530,4
DA:545,1
DA:553,1
DA:555,1
DA:556,1
DA:557,1
DA:558,2
DA:559,1
DA:560,1
DA:561,2
DA:567,1
DA:568,1
DA:570,1
DA:573,1
DA:574,2
DA:575,1
DA:577,1
DA:578,1
DA:579,1
DA:583,1
DA:585,1
DA:586,1
DA:588,1
DA:589,1
DA:590,2
DA:591,1
DA:592,1
DA:597,2
DA:598,1
DA:599,2
DA:600,1
DA:601,1
DA:605,1
DA:607,1
DA:608,1
DA:609,1
DA:610,1
DA:611,1
DA:612,1
DA:613,5
DA:615,1
DA:616,1
DA:622,1
DA:623,1
DA:624,4
DA:625,1
DA:626,1
DA:635,1
DA:637,1
DA:638,1
DA:639,1
DA:640,1
DA:642,2
DA:643,1
DA:644,3
DA:653,3
DA:654,1
DA:655,1
DA:656,1
DA:657,1
DA:659,1
DA:664,1
DA:665,1
DA:674,1
DA:675,1
DA:677,1
DA:687,1
DA:688,2
DA:689,1
DA:691,1
DA:693,1
DA:698,1
DA:699,2
DA:700,1
DA:702,1
DA:704,1
LF:266
LH:257
end_of_record
SF:lib\core\ui\widgets\hud\currency_display.dart
DA:14,1
DA:26,1
DA:31,1
DA:42,1
DA:47,1
DA:58,1
DA:63,1
DA:74,1
DA:79,1
DA:90,1
DA:95,1
DA:105,1
DA:106,2
DA:107,4
DA:108,2
DA:109,4
DA:111,2
DA:114,1
DA:116,1
DA:118,1
DA:119,1
DA:120,1
DA:121,1
DA:123,1
DA:124,1
DA:125,2
DA:126,1
DA:127,1
DA:131,1
DA:133,1
DA:134,1
DA:135,1
DA:137,1
DA:139,2
DA:140,1
DA:141,3
DA:143,1
DA:144,1
DA:145,1
DA:146,1
DA:147,1
DA:149,1
DA:155,2
DA:156,2
DA:157,1
DA:159,1
DA:160,1
DA:163,1
DA:165,1
DA:174,1
DA:175,1
DA:176,1
LF:52
LH:52
end_of_record
SF:lib\core\ui\widgets\gacha\gacha_pull_animation.dart
DA:15,1
DA:22,1
DA:23,1
DA:34,1
DA:36,1
DA:37,1
DA:38,1
DA:41,1
DA:42,2
DA:43,3
DA:44,2
DA:45,2
DA:50,4
DA:51,2
DA:52,1
DA:54,1
DA:56,4
DA:57,2
DA:58,1
DA:60,1
DA:63,1
DA:64,5
DA:65,1
DA:66,1
DA:67,3
DA:68,3
DA:71,1
DA:72,1
DA:73,3
DA:74,3
DA:78,1
DA:80,2
DA:81,1
DA:83,1
DA:86,1
DA:88,1
DA:89,1
DA:91,1
DA:94,1
DA:95,5
DA:99,4
DA:100,1
DA:101,1
DA:102,3
DA:103,1
DA:104,1
DA:105,4
DA:106,1
DA:107,4
DA:108,1
DA:116,1
DA:117,1
DA:118,1
DA:119,1
DA:121,1
DA:122,7
DA:127,3
DA:128,1
DA:129,1
DA:130,3
DA:131,7
DA:143,1
DA:148,1
DA:150,3
DA:152,1
DA:153,1
DA:154,1
DA:157,1
DA:158,1
DA:159,1
DA:162,1
DA:163,1
DA:165,1
DA:167,1
DA:168,1
DA:169,1
DA:170,1
DA:177,1
DA:179,1
DA:181,1
DA:184,1
DA:185,1
DA:188,1
DA:189,3
DA:194,1
DA:196,1
DA:197,1
DA:198,1
DA:199,2
DA:210,1
DA:212,1
DA:213,1
DA:215,1
DA:217,1
DA:219,1
DA:221,1
DA:222,3
DA:235,1
DA:237,1
DA:239,1
DA:241,1
DA:243,1
DA:244,1
DA:246,1
DA:251,1
DA:253,1
DA:255,1
DA:257,1
DA:259,1
DA:260,1
DA:262,1
DA:277,1
DA:287,1
DA:289,1
DA:290,3
DA:291,1
DA:292,1
DA:298,1
DA:299,1
DA:302,1
DA:311,1
DA:313,1
DA:314,1
DA:315,1
DA:321,1
DA:322,1
DA:323,1
DA:327,1
DA:329,1
DA:331,1
DA:333,1
DA:334,2
DA:335,1
DA:336,1
DA:337,2
DA:355,1
DA:362,1
DA:364,3
DA:365,3
DA:367,1
DA:369,1
DA:370,1
DA:372,1
DA:380,1
DA:381,4
DA:382,1
DA:390,1
DA:391,1
DA:392,1
DA:394,1
DA:396,1
DA:398,1
DA:402,1
DA:403,1
DA:404,1
DA:406,1
DA:407,1
DA:409,1
DA:410,1
DA:412,1
DA:417,1
DA:418,8
DA:419,1
DA:427,1
DA:428,1
DA:430,1
DA:431,1
DA:432,2
DA:436,1
DA:438,1
DA:444,1
DA:445,2
LF:172
LH:172
end_of_record
